#! /usr/bin/vvp
:ivl_version "10.1 (stable)";
:ivl_delay_selection "TYPICAL";
:vpi_time_precision + 0;
:vpi_module "system";
:vpi_module "vhdl_sys";
:vpi_module "v2005_math";
:vpi_module "va_math";
S_0x563c7a748560 .scope module, "top" "top" 2 2;
 .timescale 0 0;
v0x563c7a76b020_0 .var "a", 15 0;
v0x563c7a76b100_0 .var "b", 15 0;
v0x563c7a76b1a0_0 .var "ci", 0 0;
v0x563c7a76b2d0_0 .net "co", 0 0, L_0x563c7a771db0;  1 drivers
v0x563c7a76b400_0 .net "sum", 15 0, L_0x563c7a772710;  1 drivers
S_0x563c7a73f820 .scope module, "f" "fulladder16bit" 2 7, 3 3 0, S_0x563c7a748560;
 .timescale 0 0;
    .port_info 0 /INPUT 16 "a"
    .port_info 1 /INPUT 16 "b"
    .port_info 2 /INPUT 1 "ci"
    .port_info 3 /OUTPUT 16 "sum"
    .port_info 4 /OUTPUT 1 "co"
v0x563c7a76aab0_0 .net "a", 15 0, v0x563c7a76b020_0;  1 drivers
v0x563c7a76abb0_0 .net "b", 15 0, v0x563c7a76b100_0;  1 drivers
v0x563c7a76ac90_0 .net "c1", 0 0, L_0x563c7a76e4f0;  1 drivers
v0x563c7a76ad30_0 .net "ci", 0 0, v0x563c7a76b1a0_0;  1 drivers
v0x563c7a76add0_0 .net "co", 0 0, L_0x563c7a771db0;  alias, 1 drivers
v0x563c7a76aec0_0 .net "sum", 15 0, L_0x563c7a772710;  alias, 1 drivers
L_0x563c7a76ed10 .part v0x563c7a76b020_0, 0, 8;
L_0x563c7a76ee00 .part v0x563c7a76b100_0, 0, 8;
L_0x563c7a7725d0 .part v0x563c7a76b020_0, 8, 8;
L_0x563c7a772670 .part v0x563c7a76b100_0, 8, 8;
L_0x563c7a772710 .concat8 [ 8 8 0 0], L_0x563c7a76ebd0, L_0x563c7a772490;
S_0x563c7a743a80 .scope module, "f1" "fulladder8bit" 3 10, 4 3 0, S_0x563c7a73f820;
 .timescale 0 0;
    .port_info 0 /INPUT 8 "a"
    .port_info 1 /INPUT 8 "b"
    .port_info 2 /INPUT 1 "ci"
    .port_info 3 /OUTPUT 8 "sum"
    .port_info 4 /OUTPUT 1 "co"
v0x563c7a763c60_0 .net "a", 7 0, L_0x563c7a76ed10;  1 drivers
v0x563c7a763d60_0 .net "b", 7 0, L_0x563c7a76ee00;  1 drivers
v0x563c7a763e40_0 .net "c1", 0 0, L_0x563c7a76c9e0;  1 drivers
v0x563c7a763ee0_0 .net "ci", 0 0, v0x563c7a76b1a0_0;  alias, 1 drivers
v0x563c7a763f80_0 .net "co", 0 0, L_0x563c7a76e4f0;  alias, 1 drivers
v0x563c7a7640c0_0 .net "sum", 7 0, L_0x563c7a76ebd0;  1 drivers
L_0x563c7a76cee0 .part L_0x563c7a76ed10, 0, 4;
L_0x563c7a76cf80 .part L_0x563c7a76ee00, 0, 4;
L_0x563c7a76e9f0 .part L_0x563c7a76ed10, 4, 4;
L_0x563c7a76eae0 .part L_0x563c7a76ee00, 4, 4;
L_0x563c7a76ebd0 .concat8 [ 4 4 0 0], L_0x563c7a76cda0, L_0x563c7a76e8b0;
S_0x563c7a741950 .scope module, "f1" "fulladder4bit" 4 12, 5 3 0, S_0x563c7a743a80;
 .timescale 0 0;
    .port_info 0 /INPUT 4 "a"
    .port_info 1 /INPUT 4 "b"
    .port_info 2 /INPUT 1 "ci"
    .port_info 3 /OUTPUT 4 "sum"
    .port_info 4 /OUTPUT 1 "co"
v0x563c7a760470_0 .net "a", 3 0, L_0x563c7a76cee0;  1 drivers
v0x563c7a760570_0 .net "b", 3 0, L_0x563c7a76cf80;  1 drivers
v0x563c7a760650_0 .net "c1", 0 0, L_0x563c7a76b7f0;  1 drivers
v0x563c7a760740_0 .net "c2", 0 0, L_0x563c7a76bdf0;  1 drivers
v0x563c7a760830_0 .net "c3", 0 0, L_0x563c7a76c430;  1 drivers
v0x563c7a760970_0 .net "ci", 0 0, v0x563c7a76b1a0_0;  alias, 1 drivers
v0x563c7a760a10_0 .net "co", 0 0, L_0x563c7a76c9e0;  alias, 1 drivers
v0x563c7a760ab0_0 .net "sum", 3 0, L_0x563c7a76cda0;  1 drivers
L_0x563c7a76b900 .part L_0x563c7a76cee0, 0, 1;
L_0x563c7a76b9a0 .part L_0x563c7a76cf80, 0, 1;
L_0x563c7a76bf00 .part L_0x563c7a76cee0, 1, 1;
L_0x563c7a76bff0 .part L_0x563c7a76cf80, 1, 1;
L_0x563c7a76c540 .part L_0x563c7a76cee0, 2, 1;
L_0x563c7a76c5e0 .part L_0x563c7a76cf80, 2, 1;
L_0x563c7a76caf0 .part L_0x563c7a76cee0, 3, 1;
L_0x563c7a76cc20 .part L_0x563c7a76cf80, 3, 1;
L_0x563c7a76cda0 .concat8 [ 1 1 1 1], L_0x563c7a76b570, L_0x563c7a76bae0, L_0x563c7a76c180, L_0x563c7a76c730;
S_0x563c7a745b20 .scope module, "FA0" "fulladder1bit" 5 13, 6 1 0, S_0x563c7a741950;
 .timescale 0 0;
    .port_info 0 /INPUT 1 "a"
    .port_info 1 /INPUT 1 "b"
    .port_info 2 /INPUT 1 "cin"
    .port_info 3 /OUTPUT 1 "sum"
    .port_info 4 /OUTPUT 1 "cout"
L_0x563c7a76b4a0 .functor XOR 1, L_0x563c7a76b900, L_0x563c7a76b9a0, C4<0>, C4<0>;
L_0x563c7a76b570 .functor XOR 1, L_0x563c7a76b4a0, v0x563c7a76b1a0_0, C4<0>, C4<0>;
L_0x563c7a76b610 .functor AND 1, L_0x563c7a76b4a0, v0x563c7a76b1a0_0, C4<1>, C4<1>;
L_0x563c7a76b680 .functor AND 1, L_0x563c7a76b900, L_0x563c7a76b9a0, C4<1>, C4<1>;
L_0x563c7a76b7f0 .functor OR 1, L_0x563c7a76b610, L_0x563c7a76b680, C4<0>, C4<0>;
v0x563c7a741da0_0 .net *"_s4", 0 0, L_0x563c7a76b610;  1 drivers
v0x563c7a72fe10_0 .net *"_s6", 0 0, L_0x563c7a76b680;  1 drivers
v0x563c7a75e230_0 .net "a", 0 0, L_0x563c7a76b900;  1 drivers
v0x563c7a75e2d0_0 .net "b", 0 0, L_0x563c7a76b9a0;  1 drivers
v0x563c7a75e390_0 .net "cin", 0 0, v0x563c7a76b1a0_0;  alias, 1 drivers
v0x563c7a75e4a0_0 .net "cout", 0 0, L_0x563c7a76b7f0;  alias, 1 drivers
v0x563c7a75e560_0 .net "k", 0 0, L_0x563c7a76b4a0;  1 drivers
v0x563c7a75e620_0 .net "sum", 0 0, L_0x563c7a76b570;  1 drivers
S_0x563c7a75e780 .scope module, "FA1" "fulladder1bit" 5 14, 6 1 0, S_0x563c7a741950;
 .timescale 0 0;
    .port_info 0 /INPUT 1 "a"
    .port_info 1 /INPUT 1 "b"
    .port_info 2 /INPUT 1 "cin"
    .port_info 3 /OUTPUT 1 "sum"
    .port_info 4 /OUTPUT 1 "cout"
L_0x563c7a76ba40 .functor XOR 1, L_0x563c7a76bf00, L_0x563c7a76bff0, C4<0>, C4<0>;
L_0x563c7a76bae0 .functor XOR 1, L_0x563c7a76ba40, L_0x563c7a76b7f0, C4<0>, C4<0>;
L_0x563c7a76bc60 .functor AND 1, L_0x563c7a76ba40, L_0x563c7a76b7f0, C4<1>, C4<1>;
L_0x563c7a76bcd0 .functor AND 1, L_0x563c7a76bf00, L_0x563c7a76bff0, C4<1>, C4<1>;
L_0x563c7a76bdf0 .functor OR 1, L_0x563c7a76bc60, L_0x563c7a76bcd0, C4<0>, C4<0>;
v0x563c7a75e9f0_0 .net *"_s4", 0 0, L_0x563c7a76bc60;  1 drivers
v0x563c7a75ead0_0 .net *"_s6", 0 0, L_0x563c7a76bcd0;  1 drivers
v0x563c7a75ebb0_0 .net "a", 0 0, L_0x563c7a76bf00;  1 drivers
v0x563c7a75ec80_0 .net "b", 0 0, L_0x563c7a76bff0;  1 drivers
v0x563c7a75ed40_0 .net "cin", 0 0, L_0x563c7a76b7f0;  alias, 1 drivers
v0x563c7a75ee30_0 .net "cout", 0 0, L_0x563c7a76bdf0;  alias, 1 drivers
v0x563c7a75eed0_0 .net "k", 0 0, L_0x563c7a76ba40;  1 drivers
v0x563c7a75ef90_0 .net "sum", 0 0, L_0x563c7a76bae0;  1 drivers
S_0x563c7a75f120 .scope module, "FA2" "fulladder1bit" 5 15, 6 1 0, S_0x563c7a741950;
 .timescale 0 0;
    .port_info 0 /INPUT 1 "a"
    .port_info 1 /INPUT 1 "b"
    .port_info 2 /INPUT 1 "cin"
    .port_info 3 /OUTPUT 1 "sum"
    .port_info 4 /OUTPUT 1 "cout"
L_0x563c7a76c110 .functor XOR 1, L_0x563c7a76c540, L_0x563c7a76c5e0, C4<0>, C4<0>;
L_0x563c7a76c180 .functor XOR 1, L_0x563c7a76c110, L_0x563c7a76bdf0, C4<0>, C4<0>;
L_0x563c7a76c2d0 .functor AND 1, L_0x563c7a76c110, L_0x563c7a76bdf0, C4<1>, C4<1>;
L_0x563c7a76c340 .functor AND 1, L_0x563c7a76c540, L_0x563c7a76c5e0, C4<1>, C4<1>;
L_0x563c7a76c430 .functor OR 1, L_0x563c7a76c2d0, L_0x563c7a76c340, C4<0>, C4<0>;
v0x563c7a75f3a0_0 .net *"_s4", 0 0, L_0x563c7a76c2d0;  1 drivers
v0x563c7a75f480_0 .net *"_s6", 0 0, L_0x563c7a76c340;  1 drivers
v0x563c7a75f560_0 .net "a", 0 0, L_0x563c7a76c540;  1 drivers
v0x563c7a75f630_0 .net "b", 0 0, L_0x563c7a76c5e0;  1 drivers
v0x563c7a75f6f0_0 .net "cin", 0 0, L_0x563c7a76bdf0;  alias, 1 drivers
v0x563c7a75f7e0_0 .net "cout", 0 0, L_0x563c7a76c430;  alias, 1 drivers
v0x563c7a75f880_0 .net "k", 0 0, L_0x563c7a76c110;  1 drivers
v0x563c7a75f940_0 .net "sum", 0 0, L_0x563c7a76c180;  1 drivers
S_0x563c7a75fad0 .scope module, "FA3" "fulladder1bit" 5 16, 6 1 0, S_0x563c7a741950;
 .timescale 0 0;
    .port_info 0 /INPUT 1 "a"
    .port_info 1 /INPUT 1 "b"
    .port_info 2 /INPUT 1 "cin"
    .port_info 3 /OUTPUT 1 "sum"
    .port_info 4 /OUTPUT 1 "cout"
L_0x563c7a76c6c0 .functor XOR 1, L_0x563c7a76caf0, L_0x563c7a76cc20, C4<0>, C4<0>;
L_0x563c7a76c730 .functor XOR 1, L_0x563c7a76c6c0, L_0x563c7a76c430, C4<0>, C4<0>;
L_0x563c7a76c880 .functor AND 1, L_0x563c7a76c6c0, L_0x563c7a76c430, C4<1>, C4<1>;
L_0x563c7a76c8f0 .functor AND 1, L_0x563c7a76caf0, L_0x563c7a76cc20, C4<1>, C4<1>;
L_0x563c7a76c9e0 .functor OR 1, L_0x563c7a76c880, L_0x563c7a76c8f0, C4<0>, C4<0>;
v0x563c7a75fd20_0 .net *"_s4", 0 0, L_0x563c7a76c880;  1 drivers
v0x563c7a75fe20_0 .net *"_s6", 0 0, L_0x563c7a76c8f0;  1 drivers
v0x563c7a75ff00_0 .net "a", 0 0, L_0x563c7a76caf0;  1 drivers
v0x563c7a75ffd0_0 .net "b", 0 0, L_0x563c7a76cc20;  1 drivers
v0x563c7a760090_0 .net "cin", 0 0, L_0x563c7a76c430;  alias, 1 drivers
v0x563c7a760180_0 .net "cout", 0 0, L_0x563c7a76c9e0;  alias, 1 drivers
v0x563c7a760220_0 .net "k", 0 0, L_0x563c7a76c6c0;  1 drivers
v0x563c7a7602e0_0 .net "sum", 0 0, L_0x563c7a76c730;  1 drivers
S_0x563c7a760bd0 .scope module, "f2" "fulladder4bit" 4 13, 5 3 0, S_0x563c7a743a80;
 .timescale 0 0;
    .port_info 0 /INPUT 4 "a"
    .port_info 1 /INPUT 4 "b"
    .port_info 2 /INPUT 1 "ci"
    .port_info 3 /OUTPUT 4 "sum"
    .port_info 4 /OUTPUT 1 "co"
v0x563c7a7634e0_0 .net "a", 3 0, L_0x563c7a76e9f0;  1 drivers
v0x563c7a7635e0_0 .net "b", 3 0, L_0x563c7a76eae0;  1 drivers
v0x563c7a7636c0_0 .net "c1", 0 0, L_0x563c7a76d300;  1 drivers
v0x563c7a7637b0_0 .net "c2", 0 0, L_0x563c7a76d900;  1 drivers
v0x563c7a7638a0_0 .net "c3", 0 0, L_0x563c7a76df40;  1 drivers
v0x563c7a7639e0_0 .net "ci", 0 0, L_0x563c7a76c9e0;  alias, 1 drivers
v0x563c7a763a80_0 .net "co", 0 0, L_0x563c7a76e4f0;  alias, 1 drivers
v0x563c7a763b20_0 .net "sum", 3 0, L_0x563c7a76e8b0;  1 drivers
L_0x563c7a76d410 .part L_0x563c7a76e9f0, 0, 1;
L_0x563c7a76d4b0 .part L_0x563c7a76eae0, 0, 1;
L_0x563c7a76da10 .part L_0x563c7a76e9f0, 1, 1;
L_0x563c7a76db00 .part L_0x563c7a76eae0, 1, 1;
L_0x563c7a76e050 .part L_0x563c7a76e9f0, 2, 1;
L_0x563c7a76e0f0 .part L_0x563c7a76eae0, 2, 1;
L_0x563c7a76e600 .part L_0x563c7a76e9f0, 3, 1;
L_0x563c7a76e730 .part L_0x563c7a76eae0, 3, 1;
L_0x563c7a76e8b0 .concat8 [ 1 1 1 1], L_0x563c7a76d090, L_0x563c7a76d5f0, L_0x563c7a76dc90, L_0x563c7a76e240;
S_0x563c7a760e40 .scope module, "FA0" "fulladder1bit" 5 13, 6 1 0, S_0x563c7a760bd0;
 .timescale 0 0;
    .port_info 0 /INPUT 1 "a"
    .port_info 1 /INPUT 1 "b"
    .port_info 2 /INPUT 1 "cin"
    .port_info 3 /OUTPUT 1 "sum"
    .port_info 4 /OUTPUT 1 "cout"
L_0x563c7a76d020 .functor XOR 1, L_0x563c7a76d410, L_0x563c7a76d4b0, C4<0>, C4<0>;
L_0x563c7a76d090 .functor XOR 1, L_0x563c7a76d020, L_0x563c7a76c9e0, C4<0>, C4<0>;
L_0x563c7a76d150 .functor AND 1, L_0x563c7a76d020, L_0x563c7a76c9e0, C4<1>, C4<1>;
L_0x563c7a76d1c0 .functor AND 1, L_0x563c7a76d410, L_0x563c7a76d4b0, C4<1>, C4<1>;
L_0x563c7a76d300 .functor OR 1, L_0x563c7a76d150, L_0x563c7a76d1c0, C4<0>, C4<0>;
v0x563c7a761090_0 .net *"_s4", 0 0, L_0x563c7a76d150;  1 drivers
v0x563c7a761190_0 .net *"_s6", 0 0, L_0x563c7a76d1c0;  1 drivers
v0x563c7a761270_0 .net "a", 0 0, L_0x563c7a76d410;  1 drivers
v0x563c7a761340_0 .net "b", 0 0, L_0x563c7a76d4b0;  1 drivers
v0x563c7a761400_0 .net "cin", 0 0, L_0x563c7a76c9e0;  alias, 1 drivers
v0x563c7a761540_0 .net "cout", 0 0, L_0x563c7a76d300;  alias, 1 drivers
v0x563c7a761600_0 .net "k", 0 0, L_0x563c7a76d020;  1 drivers
v0x563c7a7616c0_0 .net "sum", 0 0, L_0x563c7a76d090;  1 drivers
S_0x563c7a761820 .scope module, "FA1" "fulladder1bit" 5 14, 6 1 0, S_0x563c7a760bd0;
 .timescale 0 0;
    .port_info 0 /INPUT 1 "a"
    .port_info 1 /INPUT 1 "b"
    .port_info 2 /INPUT 1 "cin"
    .port_info 3 /OUTPUT 1 "sum"
    .port_info 4 /OUTPUT 1 "cout"
L_0x563c7a76d550 .functor XOR 1, L_0x563c7a76da10, L_0x563c7a76db00, C4<0>, C4<0>;
L_0x563c7a76d5f0 .functor XOR 1, L_0x563c7a76d550, L_0x563c7a76d300, C4<0>, C4<0>;
L_0x563c7a76d770 .functor AND 1, L_0x563c7a76d550, L_0x563c7a76d300, C4<1>, C4<1>;
L_0x563c7a76d7e0 .functor AND 1, L_0x563c7a76da10, L_0x563c7a76db00, C4<1>, C4<1>;
L_0x563c7a76d900 .functor OR 1, L_0x563c7a76d770, L_0x563c7a76d7e0, C4<0>, C4<0>;
v0x563c7a761a90_0 .net *"_s4", 0 0, L_0x563c7a76d770;  1 drivers
v0x563c7a761b70_0 .net *"_s6", 0 0, L_0x563c7a76d7e0;  1 drivers
v0x563c7a761c50_0 .net "a", 0 0, L_0x563c7a76da10;  1 drivers
v0x563c7a761cf0_0 .net "b", 0 0, L_0x563c7a76db00;  1 drivers
v0x563c7a761db0_0 .net "cin", 0 0, L_0x563c7a76d300;  alias, 1 drivers
v0x563c7a761ea0_0 .net "cout", 0 0, L_0x563c7a76d900;  alias, 1 drivers
v0x563c7a761f40_0 .net "k", 0 0, L_0x563c7a76d550;  1 drivers
v0x563c7a762000_0 .net "sum", 0 0, L_0x563c7a76d5f0;  1 drivers
S_0x563c7a762190 .scope module, "FA2" "fulladder1bit" 5 15, 6 1 0, S_0x563c7a760bd0;
 .timescale 0 0;
    .port_info 0 /INPUT 1 "a"
    .port_info 1 /INPUT 1 "b"
    .port_info 2 /INPUT 1 "cin"
    .port_info 3 /OUTPUT 1 "sum"
    .port_info 4 /OUTPUT 1 "cout"
L_0x563c7a76dc20 .functor XOR 1, L_0x563c7a76e050, L_0x563c7a76e0f0, C4<0>, C4<0>;
L_0x563c7a76dc90 .functor XOR 1, L_0x563c7a76dc20, L_0x563c7a76d900, C4<0>, C4<0>;
L_0x563c7a76dde0 .functor AND 1, L_0x563c7a76dc20, L_0x563c7a76d900, C4<1>, C4<1>;
L_0x563c7a76de50 .functor AND 1, L_0x563c7a76e050, L_0x563c7a76e0f0, C4<1>, C4<1>;
L_0x563c7a76df40 .functor OR 1, L_0x563c7a76dde0, L_0x563c7a76de50, C4<0>, C4<0>;
v0x563c7a762410_0 .net *"_s4", 0 0, L_0x563c7a76dde0;  1 drivers
v0x563c7a7624f0_0 .net *"_s6", 0 0, L_0x563c7a76de50;  1 drivers
v0x563c7a7625d0_0 .net "a", 0 0, L_0x563c7a76e050;  1 drivers
v0x563c7a7626a0_0 .net "b", 0 0, L_0x563c7a76e0f0;  1 drivers
v0x563c7a762760_0 .net "cin", 0 0, L_0x563c7a76d900;  alias, 1 drivers
v0x563c7a762850_0 .net "cout", 0 0, L_0x563c7a76df40;  alias, 1 drivers
v0x563c7a7628f0_0 .net "k", 0 0, L_0x563c7a76dc20;  1 drivers
v0x563c7a7629b0_0 .net "sum", 0 0, L_0x563c7a76dc90;  1 drivers
S_0x563c7a762b40 .scope module, "FA3" "fulladder1bit" 5 16, 6 1 0, S_0x563c7a760bd0;
 .timescale 0 0;
    .port_info 0 /INPUT 1 "a"
    .port_info 1 /INPUT 1 "b"
    .port_info 2 /INPUT 1 "cin"
    .port_info 3 /OUTPUT 1 "sum"
    .port_info 4 /OUTPUT 1 "cout"
L_0x563c7a76e1d0 .functor XOR 1, L_0x563c7a76e600, L_0x563c7a76e730, C4<0>, C4<0>;
L_0x563c7a76e240 .functor XOR 1, L_0x563c7a76e1d0, L_0x563c7a76df40, C4<0>, C4<0>;
L_0x563c7a76e390 .functor AND 1, L_0x563c7a76e1d0, L_0x563c7a76df40, C4<1>, C4<1>;
L_0x563c7a76e400 .functor AND 1, L_0x563c7a76e600, L_0x563c7a76e730, C4<1>, C4<1>;
L_0x563c7a76e4f0 .functor OR 1, L_0x563c7a76e390, L_0x563c7a76e400, C4<0>, C4<0>;
v0x563c7a762d90_0 .net *"_s4", 0 0, L_0x563c7a76e390;  1 drivers
v0x563c7a762e90_0 .net *"_s6", 0 0, L_0x563c7a76e400;  1 drivers
v0x563c7a762f70_0 .net "a", 0 0, L_0x563c7a76e600;  1 drivers
v0x563c7a763040_0 .net "b", 0 0, L_0x563c7a76e730;  1 drivers
v0x563c7a763100_0 .net "cin", 0 0, L_0x563c7a76df40;  alias, 1 drivers
v0x563c7a7631f0_0 .net "cout", 0 0, L_0x563c7a76e4f0;  alias, 1 drivers
v0x563c7a763290_0 .net "k", 0 0, L_0x563c7a76e1d0;  1 drivers
v0x563c7a763350_0 .net "sum", 0 0, L_0x563c7a76e240;  1 drivers
S_0x563c7a764220 .scope module, "f2" "fulladder8bit" 3 11, 4 3 0, S_0x563c7a73f820;
 .timescale 0 0;
    .port_info 0 /INPUT 8 "a"
    .port_info 1 /INPUT 8 "b"
    .port_info 2 /INPUT 1 "ci"
    .port_info 3 /OUTPUT 8 "sum"
    .port_info 4 /OUTPUT 1 "co"
v0x563c7a76a4b0_0 .net "a", 7 0, L_0x563c7a7725d0;  1 drivers
v0x563c7a76a5b0_0 .net "b", 7 0, L_0x563c7a772670;  1 drivers
v0x563c7a76a690_0 .net "c1", 0 0, L_0x563c7a770310;  1 drivers
v0x563c7a76a7c0_0 .net "ci", 0 0, L_0x563c7a76e4f0;  alias, 1 drivers
v0x563c7a76a860_0 .net "co", 0 0, L_0x563c7a771db0;  alias, 1 drivers
v0x563c7a76a950_0 .net "sum", 7 0, L_0x563c7a772490;  1 drivers
L_0x563c7a770810 .part L_0x563c7a7725d0, 0, 4;
L_0x563c7a7708b0 .part L_0x563c7a772670, 0, 4;
L_0x563c7a7722b0 .part L_0x563c7a7725d0, 4, 4;
L_0x563c7a7723a0 .part L_0x563c7a772670, 4, 4;
L_0x563c7a772490 .concat8 [ 4 4 0 0], L_0x563c7a7706d0, L_0x563c7a772170;
S_0x563c7a764490 .scope module, "f1" "fulladder4bit" 4 12, 5 3 0, S_0x563c7a764220;
 .timescale 0 0;
    .port_info 0 /INPUT 4 "a"
    .port_info 1 /INPUT 4 "b"
    .port_info 2 /INPUT 1 "ci"
    .port_info 3 /OUTPUT 4 "sum"
    .port_info 4 /OUTPUT 1 "co"
v0x563c7a766d20_0 .net "a", 3 0, L_0x563c7a770810;  1 drivers
v0x563c7a766e20_0 .net "b", 3 0, L_0x563c7a7708b0;  1 drivers
v0x563c7a766f00_0 .net "c1", 0 0, L_0x563c7a76f2b0;  1 drivers
v0x563c7a766ff0_0 .net "c2", 0 0, L_0x563c7a76f760;  1 drivers
v0x563c7a7670e0_0 .net "c3", 0 0, L_0x563c7a76fda0;  1 drivers
v0x563c7a767220_0 .net "ci", 0 0, L_0x563c7a76e4f0;  alias, 1 drivers
v0x563c7a7672c0_0 .net "co", 0 0, L_0x563c7a770310;  alias, 1 drivers
v0x563c7a767360_0 .net "sum", 3 0, L_0x563c7a7706d0;  1 drivers
L_0x563c7a76f3c0 .part L_0x563c7a770810, 0, 1;
L_0x563c7a76f460 .part L_0x563c7a7708b0, 0, 1;
L_0x563c7a76f870 .part L_0x563c7a770810, 1, 1;
L_0x563c7a76f960 .part L_0x563c7a7708b0, 1, 1;
L_0x563c7a76feb0 .part L_0x563c7a770810, 2, 1;
L_0x563c7a76ff50 .part L_0x563c7a7708b0, 2, 1;
L_0x563c7a770420 .part L_0x563c7a770810, 3, 1;
L_0x563c7a770550 .part L_0x563c7a7708b0, 3, 1;
L_0x563c7a7706d0 .concat8 [ 1 1 1 1], L_0x563c7a76ef60, L_0x563c7a76f570, L_0x563c7a76faf0, L_0x563c7a770060;
S_0x563c7a7646e0 .scope module, "FA0" "fulladder1bit" 5 13, 6 1 0, S_0x563c7a764490;
 .timescale 0 0;
    .port_info 0 /INPUT 1 "a"
    .port_info 1 /INPUT 1 "b"
    .port_info 2 /INPUT 1 "cin"
    .port_info 3 /OUTPUT 1 "sum"
    .port_info 4 /OUTPUT 1 "cout"
L_0x563c7a76eef0 .functor XOR 1, L_0x563c7a76f3c0, L_0x563c7a76f460, C4<0>, C4<0>;
L_0x563c7a76ef60 .functor XOR 1, L_0x563c7a76eef0, L_0x563c7a76e4f0, C4<0>, C4<0>;
L_0x563c7a76f130 .functor AND 1, L_0x563c7a76eef0, L_0x563c7a76e4f0, C4<1>, C4<1>;
L_0x563c7a76f1a0 .functor AND 1, L_0x563c7a76f3c0, L_0x563c7a76f460, C4<1>, C4<1>;
L_0x563c7a76f2b0 .functor OR 1, L_0x563c7a76f130, L_0x563c7a76f1a0, C4<0>, C4<0>;
v0x563c7a764950_0 .net *"_s4", 0 0, L_0x563c7a76f130;  1 drivers
v0x563c7a764a50_0 .net *"_s6", 0 0, L_0x563c7a76f1a0;  1 drivers
v0x563c7a764b30_0 .net "a", 0 0, L_0x563c7a76f3c0;  1 drivers
v0x563c7a764bd0_0 .net "b", 0 0, L_0x563c7a76f460;  1 drivers
v0x563c7a764c90_0 .net "cin", 0 0, L_0x563c7a76e4f0;  alias, 1 drivers
v0x563c7a764d80_0 .net "cout", 0 0, L_0x563c7a76f2b0;  alias, 1 drivers
v0x563c7a764e40_0 .net "k", 0 0, L_0x563c7a76eef0;  1 drivers
v0x563c7a764f00_0 .net "sum", 0 0, L_0x563c7a76ef60;  1 drivers
S_0x563c7a765060 .scope module, "FA1" "fulladder1bit" 5 14, 6 1 0, S_0x563c7a764490;
 .timescale 0 0;
    .port_info 0 /INPUT 1 "a"
    .port_info 1 /INPUT 1 "b"
    .port_info 2 /INPUT 1 "cin"
    .port_info 3 /OUTPUT 1 "sum"
    .port_info 4 /OUTPUT 1 "cout"
L_0x563c7a76f500 .functor XOR 1, L_0x563c7a76f870, L_0x563c7a76f960, C4<0>, C4<0>;
L_0x563c7a76f570 .functor XOR 1, L_0x563c7a76f500, L_0x563c7a76f2b0, C4<0>, C4<0>;
L_0x563c7a76f630 .functor AND 1, L_0x563c7a76f500, L_0x563c7a76f2b0, C4<1>, C4<1>;
L_0x563c7a76f6a0 .functor AND 1, L_0x563c7a76f870, L_0x563c7a76f960, C4<1>, C4<1>;
L_0x563c7a76f760 .functor OR 1, L_0x563c7a76f630, L_0x563c7a76f6a0, C4<0>, C4<0>;
v0x563c7a7652d0_0 .net *"_s4", 0 0, L_0x563c7a76f630;  1 drivers
v0x563c7a7653b0_0 .net *"_s6", 0 0, L_0x563c7a76f6a0;  1 drivers
v0x563c7a765490_0 .net "a", 0 0, L_0x563c7a76f870;  1 drivers
v0x563c7a765530_0 .net "b", 0 0, L_0x563c7a76f960;  1 drivers
v0x563c7a7655f0_0 .net "cin", 0 0, L_0x563c7a76f2b0;  alias, 1 drivers
v0x563c7a7656e0_0 .net "cout", 0 0, L_0x563c7a76f760;  alias, 1 drivers
v0x563c7a765780_0 .net "k", 0 0, L_0x563c7a76f500;  1 drivers
v0x563c7a765840_0 .net "sum", 0 0, L_0x563c7a76f570;  1 drivers
S_0x563c7a7659d0 .scope module, "FA2" "fulladder1bit" 5 15, 6 1 0, S_0x563c7a764490;
 .timescale 0 0;
    .port_info 0 /INPUT 1 "a"
    .port_info 1 /INPUT 1 "b"
    .port_info 2 /INPUT 1 "cin"
    .port_info 3 /OUTPUT 1 "sum"
    .port_info 4 /OUTPUT 1 "cout"
L_0x563c7a76fa80 .functor XOR 1, L_0x563c7a76feb0, L_0x563c7a76ff50, C4<0>, C4<0>;
L_0x563c7a76faf0 .functor XOR 1, L_0x563c7a76fa80, L_0x563c7a76f760, C4<0>, C4<0>;
L_0x563c7a76fc40 .functor AND 1, L_0x563c7a76fa80, L_0x563c7a76f760, C4<1>, C4<1>;
L_0x563c7a76fcb0 .functor AND 1, L_0x563c7a76feb0, L_0x563c7a76ff50, C4<1>, C4<1>;
L_0x563c7a76fda0 .functor OR 1, L_0x563c7a76fc40, L_0x563c7a76fcb0, C4<0>, C4<0>;
v0x563c7a765c50_0 .net *"_s4", 0 0, L_0x563c7a76fc40;  1 drivers
v0x563c7a765d30_0 .net *"_s6", 0 0, L_0x563c7a76fcb0;  1 drivers
v0x563c7a765e10_0 .net "a", 0 0, L_0x563c7a76feb0;  1 drivers
v0x563c7a765ee0_0 .net "b", 0 0, L_0x563c7a76ff50;  1 drivers
v0x563c7a765fa0_0 .net "cin", 0 0, L_0x563c7a76f760;  alias, 1 drivers
v0x563c7a766090_0 .net "cout", 0 0, L_0x563c7a76fda0;  alias, 1 drivers
v0x563c7a766130_0 .net "k", 0 0, L_0x563c7a76fa80;  1 drivers
v0x563c7a7661f0_0 .net "sum", 0 0, L_0x563c7a76faf0;  1 drivers
S_0x563c7a766380 .scope module, "FA3" "fulladder1bit" 5 16, 6 1 0, S_0x563c7a764490;
 .timescale 0 0;
    .port_info 0 /INPUT 1 "a"
    .port_info 1 /INPUT 1 "b"
    .port_info 2 /INPUT 1 "cin"
    .port_info 3 /OUTPUT 1 "sum"
    .port_info 4 /OUTPUT 1 "cout"
L_0x563c7a76fff0 .functor XOR 1, L_0x563c7a770420, L_0x563c7a770550, C4<0>, C4<0>;
L_0x563c7a770060 .functor XOR 1, L_0x563c7a76fff0, L_0x563c7a76fda0, C4<0>, C4<0>;
L_0x563c7a7701b0 .functor AND 1, L_0x563c7a76fff0, L_0x563c7a76fda0, C4<1>, C4<1>;
L_0x563c7a770220 .functor AND 1, L_0x563c7a770420, L_0x563c7a770550, C4<1>, C4<1>;
L_0x563c7a770310 .functor OR 1, L_0x563c7a7701b0, L_0x563c7a770220, C4<0>, C4<0>;
v0x563c7a7665d0_0 .net *"_s4", 0 0, L_0x563c7a7701b0;  1 drivers
v0x563c7a7666d0_0 .net *"_s6", 0 0, L_0x563c7a770220;  1 drivers
v0x563c7a7667b0_0 .net "a", 0 0, L_0x563c7a770420;  1 drivers
v0x563c7a766880_0 .net "b", 0 0, L_0x563c7a770550;  1 drivers
v0x563c7a766940_0 .net "cin", 0 0, L_0x563c7a76fda0;  alias, 1 drivers
v0x563c7a766a30_0 .net "cout", 0 0, L_0x563c7a770310;  alias, 1 drivers
v0x563c7a766ad0_0 .net "k", 0 0, L_0x563c7a76fff0;  1 drivers
v0x563c7a766b90_0 .net "sum", 0 0, L_0x563c7a770060;  1 drivers
S_0x563c7a7674a0 .scope module, "f2" "fulladder4bit" 4 13, 5 3 0, S_0x563c7a764220;
 .timescale 0 0;
    .port_info 0 /INPUT 4 "a"
    .port_info 1 /INPUT 4 "b"
    .port_info 2 /INPUT 1 "ci"
    .port_info 3 /OUTPUT 4 "sum"
    .port_info 4 /OUTPUT 1 "co"
v0x563c7a769d30_0 .net "a", 3 0, L_0x563c7a7722b0;  1 drivers
v0x563c7a769e30_0 .net "b", 3 0, L_0x563c7a7723a0;  1 drivers
v0x563c7a769f10_0 .net "c1", 0 0, L_0x563c7a770c00;  1 drivers
v0x563c7a76a000_0 .net "c2", 0 0, L_0x563c7a771200;  1 drivers
v0x563c7a76a0f0_0 .net "c3", 0 0, L_0x563c7a771840;  1 drivers
v0x563c7a76a230_0 .net "ci", 0 0, L_0x563c7a770310;  alias, 1 drivers
v0x563c7a76a2d0_0 .net "co", 0 0, L_0x563c7a771db0;  alias, 1 drivers
v0x563c7a76a370_0 .net "sum", 3 0, L_0x563c7a772170;  1 drivers
L_0x563c7a770d10 .part L_0x563c7a7722b0, 0, 1;
L_0x563c7a770db0 .part L_0x563c7a7723a0, 0, 1;
L_0x563c7a771310 .part L_0x563c7a7722b0, 1, 1;
L_0x563c7a771400 .part L_0x563c7a7723a0, 1, 1;
L_0x563c7a771950 .part L_0x563c7a7722b0, 2, 1;
L_0x563c7a7719f0 .part L_0x563c7a7723a0, 2, 1;
L_0x563c7a771ec0 .part L_0x563c7a7722b0, 3, 1;
L_0x563c7a771ff0 .part L_0x563c7a7723a0, 3, 1;
L_0x563c7a772170 .concat8 [ 1 1 1 1], L_0x563c7a7709c0, L_0x563c7a770ef0, L_0x563c7a771590, L_0x563c7a771b00;
S_0x563c7a7676c0 .scope module, "FA0" "fulladder1bit" 5 13, 6 1 0, S_0x563c7a7674a0;
 .timescale 0 0;
    .port_info 0 /INPUT 1 "a"
    .port_info 1 /INPUT 1 "b"
    .port_info 2 /INPUT 1 "cin"
    .port_info 3 /OUTPUT 1 "sum"
    .port_info 4 /OUTPUT 1 "cout"
L_0x563c7a770950 .functor XOR 1, L_0x563c7a770d10, L_0x563c7a770db0, C4<0>, C4<0>;
L_0x563c7a7709c0 .functor XOR 1, L_0x563c7a770950, L_0x563c7a770310, C4<0>, C4<0>;
L_0x563c7a770a80 .functor AND 1, L_0x563c7a770950, L_0x563c7a770310, C4<1>, C4<1>;
L_0x563c7a770af0 .functor AND 1, L_0x563c7a770d10, L_0x563c7a770db0, C4<1>, C4<1>;
L_0x563c7a770c00 .functor OR 1, L_0x563c7a770a80, L_0x563c7a770af0, C4<0>, C4<0>;
v0x563c7a767910_0 .net *"_s4", 0 0, L_0x563c7a770a80;  1 drivers
v0x563c7a767a10_0 .net *"_s6", 0 0, L_0x563c7a770af0;  1 drivers
v0x563c7a767af0_0 .net "a", 0 0, L_0x563c7a770d10;  1 drivers
v0x563c7a767b90_0 .net "b", 0 0, L_0x563c7a770db0;  1 drivers
v0x563c7a767c50_0 .net "cin", 0 0, L_0x563c7a770310;  alias, 1 drivers
v0x563c7a767d90_0 .net "cout", 0 0, L_0x563c7a770c00;  alias, 1 drivers
v0x563c7a767e50_0 .net "k", 0 0, L_0x563c7a770950;  1 drivers
v0x563c7a767f10_0 .net "sum", 0 0, L_0x563c7a7709c0;  1 drivers
S_0x563c7a768070 .scope module, "FA1" "fulladder1bit" 5 14, 6 1 0, S_0x563c7a7674a0;
 .timescale 0 0;
    .port_info 0 /INPUT 1 "a"
    .port_info 1 /INPUT 1 "b"
    .port_info 2 /INPUT 1 "cin"
    .port_info 3 /OUTPUT 1 "sum"
    .port_info 4 /OUTPUT 1 "cout"
L_0x563c7a770e50 .functor XOR 1, L_0x563c7a771310, L_0x563c7a771400, C4<0>, C4<0>;
L_0x563c7a770ef0 .functor XOR 1, L_0x563c7a770e50, L_0x563c7a770c00, C4<0>, C4<0>;
L_0x563c7a771070 .functor AND 1, L_0x563c7a770e50, L_0x563c7a770c00, C4<1>, C4<1>;
L_0x563c7a7710e0 .functor AND 1, L_0x563c7a771310, L_0x563c7a771400, C4<1>, C4<1>;
L_0x563c7a771200 .functor OR 1, L_0x563c7a771070, L_0x563c7a7710e0, C4<0>, C4<0>;
v0x563c7a7682e0_0 .net *"_s4", 0 0, L_0x563c7a771070;  1 drivers
v0x563c7a7683c0_0 .net *"_s6", 0 0, L_0x563c7a7710e0;  1 drivers
v0x563c7a7684a0_0 .net "a", 0 0, L_0x563c7a771310;  1 drivers
v0x563c7a768540_0 .net "b", 0 0, L_0x563c7a771400;  1 drivers
v0x563c7a768600_0 .net "cin", 0 0, L_0x563c7a770c00;  alias, 1 drivers
v0x563c7a7686f0_0 .net "cout", 0 0, L_0x563c7a771200;  alias, 1 drivers
v0x563c7a768790_0 .net "k", 0 0, L_0x563c7a770e50;  1 drivers
v0x563c7a768850_0 .net "sum", 0 0, L_0x563c7a770ef0;  1 drivers
S_0x563c7a7689e0 .scope module, "FA2" "fulladder1bit" 5 15, 6 1 0, S_0x563c7a7674a0;
 .timescale 0 0;
    .port_info 0 /INPUT 1 "a"
    .port_info 1 /INPUT 1 "b"
    .port_info 2 /INPUT 1 "cin"
    .port_info 3 /OUTPUT 1 "sum"
    .port_info 4 /OUTPUT 1 "cout"
L_0x563c7a771520 .functor XOR 1, L_0x563c7a771950, L_0x563c7a7719f0, C4<0>, C4<0>;
L_0x563c7a771590 .functor XOR 1, L_0x563c7a771520, L_0x563c7a771200, C4<0>, C4<0>;
L_0x563c7a7716e0 .functor AND 1, L_0x563c7a771520, L_0x563c7a771200, C4<1>, C4<1>;
L_0x563c7a771750 .functor AND 1, L_0x563c7a771950, L_0x563c7a7719f0, C4<1>, C4<1>;
L_0x563c7a771840 .functor OR 1, L_0x563c7a7716e0, L_0x563c7a771750, C4<0>, C4<0>;
v0x563c7a768c60_0 .net *"_s4", 0 0, L_0x563c7a7716e0;  1 drivers
v0x563c7a768d40_0 .net *"_s6", 0 0, L_0x563c7a771750;  1 drivers
v0x563c7a768e20_0 .net "a", 0 0, L_0x563c7a771950;  1 drivers
v0x563c7a768ef0_0 .net "b", 0 0, L_0x563c7a7719f0;  1 drivers
v0x563c7a768fb0_0 .net "cin", 0 0, L_0x563c7a771200;  alias, 1 drivers
v0x563c7a7690a0_0 .net "cout", 0 0, L_0x563c7a771840;  alias, 1 drivers
v0x563c7a769140_0 .net "k", 0 0, L_0x563c7a771520;  1 drivers
v0x563c7a769200_0 .net "sum", 0 0, L_0x563c7a771590;  1 drivers
S_0x563c7a769390 .scope module, "FA3" "fulladder1bit" 5 16, 6 1 0, S_0x563c7a7674a0;
 .timescale 0 0;
    .port_info 0 /INPUT 1 "a"
    .port_info 1 /INPUT 1 "b"
    .port_info 2 /INPUT 1 "cin"
    .port_info 3 /OUTPUT 1 "sum"
    .port_info 4 /OUTPUT 1 "cout"
L_0x563c7a771a90 .functor XOR 1, L_0x563c7a771ec0, L_0x563c7a771ff0, C4<0>, C4<0>;
L_0x563c7a771b00 .functor XOR 1, L_0x563c7a771a90, L_0x563c7a771840, C4<0>, C4<0>;
L_0x563c7a771c50 .functor AND 1, L_0x563c7a771a90, L_0x563c7a771840, C4<1>, C4<1>;
L_0x563c7a771cc0 .functor AND 1, L_0x563c7a771ec0, L_0x563c7a771ff0, C4<1>, C4<1>;
L_0x563c7a771db0 .functor OR 1, L_0x563c7a771c50, L_0x563c7a771cc0, C4<0>, C4<0>;
v0x563c7a7695e0_0 .net *"_s4", 0 0, L_0x563c7a771c50;  1 drivers
v0x563c7a7696e0_0 .net *"_s6", 0 0, L_0x563c7a771cc0;  1 drivers
v0x563c7a7697c0_0 .net "a", 0 0, L_0x563c7a771ec0;  1 drivers
v0x563c7a769890_0 .net "b", 0 0, L_0x563c7a771ff0;  1 drivers
v0x563c7a769950_0 .net "cin", 0 0, L_0x563c7a771840;  alias, 1 drivers
v0x563c7a769a40_0 .net "cout", 0 0, L_0x563c7a771db0;  alias, 1 drivers
v0x563c7a769ae0_0 .net "k", 0 0, L_0x563c7a771a90;  1 drivers
v0x563c7a769ba0_0 .net "sum", 0 0, L_0x563c7a771b00;  1 drivers
    .scope S_0x563c7a748560;
T_0 ;
    %pushi/vec4 0, 0, 16;
    %store/vec4 v0x563c7a76b020_0, 0, 16;
    %pushi/vec4 3, 0, 16;
    %store/vec4 v0x563c7a76b100_0, 0, 16;
    %pushi/vec4 0, 0, 1;
    %store/vec4 v0x563c7a76b1a0_0, 0, 1;
    %end;
    .thread T_0;
    .scope S_0x563c7a748560;
T_1 ;
    %vpi_call 2 15 "$monitor", "%d", v0x563c7a76b400_0 {0 0 0};
    %end;
    .thread T_1;
# The file index is used to find the file name in the following table.
:file_names 7;
    "N/A";
    "<interactive>";
    "adder.v";
    "./fulladder16bit.v";
    "./fulladder8bit.v";
    "./fulladder4bit.v";
    "./fulladder1bit.v";
